<?xml version="1.0" encoding="UTF-8"?>
<testng-results skipped="0" failed="0" ignored="0" total="1" passed="1">
  <reporter-output>
  </reporter-output>
  <suite name="Default suite" duration-ms="126523" started-at="2020-02-15T18:11:03Z" finished-at="2020-02-15T18:13:10Z">
    <groups>
    </groups>
    <test name="Default test" duration-ms="126523" started-at="2020-02-15T18:11:03Z" finished-at="2020-02-15T18:13:10Z">
      <class name="kdf.Application">
        <test-method status="PASS" signature="VerifyInValidLogin()[pri:0, instance:kdf.Application@cc285f4]" name="VerifyInValidLogin" duration-ms="126370" started-at="2020-02-15T18:11:04Z" finished-at="2020-02-15T18:13:10Z">
          <reporter-output>
          </reporter-output>
        </test-method> <!-- VerifyInValidLogin -->
      </class> <!-- kdf.Application -->
    </test> <!-- Default test -->
  </suite> <!-- Default suite -->
</testng-results>
